WSL to C Migration Report: FMT001A4
===================================


Dead Code Candidates:
A_000084

Memory Overflows:

CSECT:

Function Size, IF nesting depth and largest expression and condition size:
_enter_ = 52, 0, 9, 0
_enter_1_fmt001a4_A = 1, 0, 0, 0
dispatch_fmt001a4_A = 30, 2, 1, 3
PROC11_fmt001a4_P = 127, 1, 6, 3
A_000090_fmt001a4_P = 7, 0, 6, 0
p_1_fmt001a4_P = 12, 0, 6, 0
A_0002A4_fmt001a4_P = 12, 0, 6, 0
A_000578_fmt001a4_P = 20, 0, 9, 0
A_000294_fmt001a4_P = 10, 0, 4, 0
A_000554_fmt001a4_P = 15, 0, 4, 0
A_00008C_fmt001a4_P = 82, 1, 9, 5
A_00019C_fmt001a4_P = 126, 1, 7, 4
A_000088_fmt001a4_P = 44, 2, 4, 11

DSECTs Referenced:

DSECTs Updated:

Variables Referenced:

CSECT:
AMOD113, AMOD114, AMOD115, AMOD3, DDIN, MODSTORE, NOT_USED, RDSOUT,
RDSOUT_STATUS, TYPECONT, VMOD1, WDTOT1, WDTOT2, WDTOT3, WDTOT4, WETOT1, WETOT2,
WETOT3, WETOT4, WFTOT1, WFTOT2, WFTOT3, WFTOT4, WHEAD1, WHEAD2, WHW, WKTOT,
WMOD112, WP1, WP2, WPFTOT1, WPFTOT2, WPFTOT3, WPROG, WPRT, WRDATA, WREC, WRIND,
WRTOT, WSTACK, WTOT1, WTOT2, WTOT3, WTOTAL, WTYPE, __r10_init__, __r11_init__,
__r12_init__, __r13_init__, __r14_init__, __r1_init__, __r2_init__,
__r3_init__, __r4_init__, __r5_init__, __r6_init__, __r7_init__, __r8_init__,
__r9_init__, a, call_macro, cc1, entry_point, exit_flag, os, r0, r1, r10, r11,
r12, r13, r14, r15, r2, r3, r4, r5, r6, r7, r8, r9, reg_stack, regs,
result_code, v_fmt102, v_fmt104, v_fmt106, v_fmt108, v_fmt109, v_fmt110,
v_fmt111, v_fmt112, v_fmt300, v_fmt301, v_fmtaaa1, v_fmtbbb2, wedit_addr

Variables Updated:

CSECT:
MODSTORE, TYPECONT, WCALC, WDTOT1, WDTOT2, WDTOT3, WDTOT4, WETOT1, WETOT2,
WETOT3, WETOT4, WFTOT1, WFTOT2, WFTOT3, WFTOT4, WHEAD1, WHEAD2, WKTOT, WMOD112,
WP1, WP2, WPCC, WPF1, WPFTOT1, WPFTOT2, WPFTOT3, WREC, WRTOT, WSTACK, WTOTAL,
WTYPE, a, call_macro, cc1, exit_flag, os, r0, r1, r10, r11, r12, r13, r14, r15,
r2, r3, r4, r5, r6, r7, r8, r9, reg_stack, regs, result_code, wedit_addr

EXecute statements and their targets:

Dead Code Candidate Line Numbers:
00000074, 00000076, 00000078, 00000080, 00000081, 00000082, 00000086, 00000132,
00000133, 00000134, 00000137, 00000139, 00000141, 00000142, 00000156, 00000157,
00000158, 00000159, 00000160, 00000161, 00000162, 00000163, 00000165, 00000179,
00000180, 00000197, 00000199, 00000200, 00000202, 00000203, 00000207, 00000208,
00000209, 00000211, 00000212, 00000216, 00000217, 00000218, 00000225, 00000226,
00000231, 00000235, 00000236, 00000237, 00000241, 00000242, 00000243, 00000247,
00000248, 00000252, 00000253, 00000254, 00000255, 00000256, 00000257, 00000267,
00000268, 00000278, 00000279, 00000289, 00000290, 00000291, 00000292, 00000296,
00000298, 00000299, 00000306, 00000308, 00000309, 00000311, 00000312, 00000313,
00000318, 00000319, 00000320, 00000322, 00000323, 00000324, 00000325, 00000326,
00000327, 00000328, 00000329, 00000331, 00000332, 00000333, 00000334, 00000336,
00000337, 00000338, 00000339, 00000341, 00000343, 00000344, 00000346, 00000348,
00000349, 00000350, 00000355, 00000356, 00000357, 00000358, 00000359, 00000360,
00000361, 00000362, 00000363, 00000364, 00000365, 00000366, 00000367, 00000368,
00000369, 00000370, 00000371, 00000372, 00000373, 00000374, 00000375, 00000376,
00000377, 00000378, 00000379, 00000380, 00000381, 00000382, 00000383, 00000384,
00000385, 00000386, 00000387, 00000388, 00000389, 00000390, 00000391, 00000392,
00000393, 00000394, 00000395, 00000396, 00000397, 00000398, 00000399, 00000400,
00000401, 00000403, 00000404, 00000405, 00000414, 00000415, 00000421, 00000422,
00000423, 00000425, 00000426, 00000427, 00000428, 00000429, 00000430, 00000437,
00000438, 00000439, 00000444, 00000445, 00000446, 00000448, 00000450, 00000451,
00000452, 00000453, 00000454, 00000455, 00000456, 00000462, 00000463, 00000464,
00000465, 00000466, 00000467, 00000468, 00000474, 00000475, 00000476, 00000479,
00000480, 00000484, 00000485, 00000487, 00000488, 00000492, 00000493, 00000496,
00000501, 00000504, 00000506, 00000508, 00000509, 00000512, 00000514, 00000518,
00000520, 00000522, 00000523, 00000524, 00000526, 00000527, 00000528, 00000530,
00000531, 00000532, 00000534
