WSL to C Migration Report: FMT001A6
===================================


Dead Code Candidates:
FMTBBB2

Memory Overflows:

CSECT:

Function Size, IF nesting depth and largest expression and condition size:
_enter_ = 19, 0, 4, 0
FMTBBB2_fmt001a6 = 33, 1, 9, 11

DSECTs Referenced:
WDS1

DSECTs Updated:
WDS2

Variables Referenced:

DSECT WDS1:
WDS1F1, WDS1F1, WDS1F2, WDS1F3, WDS1F4

CSECT:
NOT_USED, TEST1A, TEST1B, TEST2, WREC2, __r1_init__, a, call_macro,
entry_point, os, r1, r4, r5, r6, regs, result_code

Variables Updated:

DSECT WDS2:
WDS2F1, WDS2F2, WDS2F3, WDS2F4

CSECT:
WDS1, WREC2, a, call_macro, os, r1, r15, r4, r5, r6, regs, result_code

EXecute statements and their targets:

Dead Code Candidate Line Numbers:
00000040, 00000043, 00000044, 00000045, 00000047, 00000049, 00000050, 00000051,
00000052, 00000053, 00000054, 00000055, 00000071, 00000072
