  Page    1                                                                                                      
  Micro Focus Assembler version  V3.0.18  07/21/04 Listing as of 06/22/05 15.55
  ESD NAME     TYPE ADDRESS LENGTH
 0001 FMT001A6  SD   000000 000130
 0002 FMT401    ER                
 0003 FMT402    ER                
 Page    2                                                                                                      
  Micro Focus Assembler version  V3.0.18  07/21/04 Listing as of 06/22/05 15.55
    LOC DATA               ADR1   ADR2   LINE LABEL    OP       OPERANDS
 000000                                     1 FMT001A6 CSECT
 000000                       00000001      2 R1       EQU   1
 000000                       00000003      3 R3       EQU   3
 000000                       00000004      4 R4       EQU   4
 000000                       00000005      5 R5       EQU   5
 000000                       00000006      6 R6       EQU   6
 000000                       0000000E      7 R14      EQU   14
 000000                       0000000F      8 R15      EQU   15
                                            9 *   SAMPLE PROGRAM WITH MULTIPLE ENTRY POINTS DEFINED BY A USER MACRO
 000000                                    10          PRGNTR1 NAME=FMTAAA1
 000000                       00000000     11+FMTAAA1  EQU   *
 000000 0530                               12+         BALR  R3,0
 000002                                    13+         USING *,R3
                                           14 * SET CALLING PARAMETER
                                           15 * CALL MODULE
 000002 58410000                000000     16          L     R4,0(R1)
 000006 D20340003022     000000 000024     17          MVC   0(4,R4),TEST1A
 00000C D20340043026     000004 000028     18          MVC   4(4,R4),TEST1B
 000012                                    19          CALL  FMT401
 000012                                    20+         DS    0H
 000012 0700                               21+         CNOP  0,4
 000014 45F0301A                00001C     22+         BAL   15,*+8
 000018 00000000                           23+         DC    V(FMT401)
 00001C 58FF0000                000000     24+         L     15,0(15)
 000020 05EF                               25+         BALR  14,15
 000022 07FE                               26          BR    R14
 000024 C1C1C1C1                           27 TEST1A   DC    C'AAAA'
 000028 F2F2F2F2                           28 TEST1B   DC    C'2222'
                                          000 *        <FERMAT><SB><9><============================================>   PRGNTR2
 00002C                                    29 FMTBBB2  PRGNTR2
 00002C                       0000002C     30+FMTBBB2  EQU   *
 00002C 0530                               31+         BALR  R3,0
 00002E                                    32+         USING *,R3
                                           33 * SET CALLING PARAMETER
 00002E 58410000                000000     34          L     R4,0(R1)
 000032 D20340003056     000000 000084     35          MVC   0(4,R4),TEST2
 000038 415030AA                0000D8     36          LA    R5,WTAB1
 00003C                                    37          USING WDS1,R5
 00003C 4160305A                000088     38          LA    R6,WREC2
 000040                                    39          USING WDS2,R6
 000040 95FF5000                000000     40 LABA     CLI   WDS1F1,X'FF'
 000044 47803054                000082     41          BE    LABZ
 000048 D20360005000     000000 000000     42          MVC   WDS2F1,WDS1F1
 00004E D20560085004     000008 000004     43          MVC   WDS2F2,WDS1F2
 000054 D2026012500A     000012 00000A     44          MVC   WDS2F3,WDS1F3
 00005A D2026019500D     000019 00000D     45          MVC   WDS2F4,WDS1F4
 000060                                    46          CALL  FMT402,(WREC2)
 000060                                    47+         DS    0H
 000060 4110303A                000068     48+         LA    1,MFI0004
 000064                                    49+         CNOP  0,4
 000064 47F0303E                00006C     50+         B     *+4+4*1
 000068                       00000068     51+MFI0004  EQU   *
 000068 00000088                           52+         DC    AL4(WREC2)
 00006C 41000001                000001     53+         LA    0,1
 000070                                    54+         CNOP  0,4
 000070 45F0304A                000078     55+         BAL   15,*+8
 Page    3                                                                                                      
  Micro Focus Assembler version  V3.0.18  07/21/04 Listing as of 06/22/05 15.55
    LOC DATA               ADR1   ADR2   LINE LABEL    OP       OPERANDS
 000074 00000000                           56+         DC    V(FMT402)
 000078 58FF0000                000000     57+         L     15,0(15)
 00007C 05EF                               58+         BALR  14,15
 00007E 47F03012                000040     59          B     LABA
 000082 07FE                               60 LABZ     BR    R14
                                          000 *        <FERMAT><EB><9><============================================>  R    R14
                                           61 *
 000084 C2C2C2C2                           62 TEST2    DC    C'BBBB'
 000088 4040404040404040                   63 WREC2    DC    CL80' '
 0000D8 C1C1C1C1F1F2F3F4                   64 WTAB1    DC    CL16'AAAA123456BBBCCC'
 0000E8 C2C2C2C2F1F2F3F4                   65          DC    CL16'BBBB123456XXXDDD'
 0000F8 C3C3C3C3F1F2F3F4                   66          DC    CL16'CCCC123456XXXDDD'
 000108 C4C4C4C4F1F2F3F4                   67          DC    CL16'DDDD123456XXXDDD'
 000118 C5C5C5C5F1F2F3F4                   68          DC    CL16'EEEE123456XXXDDD'
 000128 FF                                 69          DC    X'FF'
                                           70 *
 000000                                    71 WDS1     DSECT
 000000                                    72 WDS1F1   DS    CL4
 000004                                    73 WDS1F2   DS    CL6
 00000A                                    74 WDS1F3   DS    CL3
 00000D                                    75 WDS1F4   DS    CL3
 000010                       00000010     76 WDS1L    EQU   *-WDS1F1
                                           77 *
 000000                                    78 WDS2     DSECT
 000000                                    79 WDS2F1   DS    CL4
 000004                                    80          DS    CL4
 000008                                    81 WDS2F2   DS    CL6
 00000E                                    82          DS    CL4
 000012                                    83 WDS2F3   DS    CL3
 000015                                    84          DS    CL4
 000019                                    85 WDS2F4   DS    CL3
 00001C                                    86          DS    CL52
                                           87 *
 000129 00000000000000                     88 
 000130                                    88          END
 Page    4                                                                                                      
  Micro Focus Assembler version  V3.0.18  07/21/04 Listing as of 06/22/05 15.55
 SEG   ADDRESS  LENGTH SIGN  RLD
 0001  000018   04     +    0002
 0001  000068   04     +    0001
 0001  000074   04     +    0003
 Page    5                                                                                                      
  Micro Focus Assembler version  V3.0.18  07/21/04 Listing as of 06/22/05 15.55
 SYMBOL       VALUE LENGTH TYPE  EID   DEF  XREF
 FMT001A6  00000000 000130  CST 0001     1(1/1)
 FMT401    00000000 000001  EXT 0002       23(3/159)
 FMT402    00000000 000001  EXT 0003       56(3/159)
 FMTAAA1   00000000 000001  REL 0001    11(2/3)
 FMTBBB2   0000002C 000001  REL 0001    30(4/3) 29(1/20)
 LABA      00000040 000004  REL 0001    40(1/28) 59(1/35)
 LABZ      00000082 000002  REL 0001    60(1/36) 41(1/29)
 MFI0004   00000068 000001  REL 0001    51(3/116) 48(3/100)
 R1        00000001 000001  ABS 0000     2(1/2) 16(1/13) 34(1/22)
 R14       0000000E 000001  ABS 0000     7(1/7) 26(1/17) 60(1/36)
 R15       0000000F 000001  ABS 0000     8(1/8)
 R3        00000003 000001  ABS 0000     3(1/3) 12(2/4) 13(2/5) 31(4/4) 32(4/5)
 R4        00000004 000001  ABS 0000     4(1/4) 16(1/13) 17(1/14) 18(1/15) 34(1/22) 35(1/23)
 R5        00000005 000001  ABS 0000     5(1/5) 36(1/24) 37(1/25)
 R6        00000006 000001  ABS 0000     6(1/6) 38(1/26) 39(1/27)
 TEST1A    00000024 000004  REL 0001    27(1/18) 17(1/14)
 TEST1B    00000028 000004  REL 0001    28(1/19) 18(1/15)
 TEST2     00000084 000004  REL 0001    62(1/38) 35(1/23)
 WDS1      00000000 000010  DST FFFE    71(1/47) 37(1/25)
 WDS1F1    00000000 000004  REL FFFE    72(1/48) 40(1/28) 42(1/30) 76(1/52)
 WDS1F2    00000004 000006  REL FFFE    73(1/49) 43(1/31)
 WDS1F3    0000000A 000003  REL FFFE    74(1/50) 44(1/32)
 WDS1F4    0000000D 000003  REL FFFE    75(1/51) 45(1/33)
 WDS1L     00000010 000001  ABS 0000    76(1/52)
 WDS2      00000000 000050  DST FFFD    78(1/54) 39(1/27)
 WDS2F1    00000000 000004  REL FFFD    79(1/55) 42(1/30)
 WDS2F2    00000008 000006  REL FFFD    81(1/57) 43(1/31)
 WDS2F3    00000012 000003  REL FFFD    83(1/59) 44(1/32)
 WDS2F4    00000019 000003  REL FFFD    85(1/61) 45(1/33)
 WREC2     00000088 000050  REL 0001    63(1/39) 38(1/26) 52(3/134)
 WTAB1     000000D8 000010  REL 0001    64(1/40) 36(1/24)
 
MM370ASM      0 errors found - end of processing
