  Page    1                                                                                                      
  Micro Focus Assembler version  V3.0.18  07/21/04 Listing as of 06/16/05 09.50
  ESD NAME     TYPE ADDRESS LENGTH
 0001 FMT001A7  SD   000000 000048
 0001 FMT502    LD   00001C
 0001 FMT501    LD   000000
 0002 FMT601    ER                
 0003 FMT602    ER                
 Page    2                                                                                                      
  Micro Focus Assembler version  V3.0.18  07/21/04 Listing as of 06/16/05 09.50
    LOC DATA               ADR1   ADR2   LINE LABEL    OP       OPERANDS
 000000                                     1 FMT001A7 CSECT
                                            2 *   SAMPLE PROGRAM WITH MULTIPLE ENTRY POINTS
 000000                       00000001      3 R1       EQU   1
 000000                       00000003      4 R3       EQU   3
 000000                       00000004      5 R4       EQU   4
 000000                       0000000E      6 R14      EQU   14
 000000                                     7          ENTRY FMT501
 000000                                     8          ENTRY FMT502
                                            9 * SAMPLE FUNCTION 1
 000000                       00000000     10 FMT501   EQU   *
 000000 0530                               11          BALR  R3,0
 000002                                    12          USING *,R3
 000002 58410000                000000     13          L     R4,0(R1)
 000006 D20340003042     000000 000044     14          MVC   0(4,R4),=C'AAAA'
 00000C                                    15          CALL  FMT601
 00000C                                    16+         DS    0H
 00000C                                    17+         CNOP  0,4
 00000C 45F03012                000014     18+         BAL   15,*+8
 000010 00000000                           19+         DC    V(FMT601)
 000014 58FF0000                000000     20+         L     15,0(15)
 000018 05EF                               21+         BALR  14,15
 00001A 07FE                               22          BR    R14
                                           23 * SAMPLE FUNCTION 2
 00001C                       0000001C     24 FMT502   EQU   *
 00001C 0530                               25          BALR  R3,0
 00001E                                    26          USING *,R3,0
 00001E 58410000                000000     27          L     R4,0(R1)
 000022 D20340003022     000000 000040     28          MVC   0(4,R4),=C'BBBB'
 000028                                    29          CALL  FMT602
 000028                                    30+         DS    0H
 000028                                    31+         CNOP  0,4
 000028 45F03012                000030     32+         BAL   15,*+8
 00002C 00000000                           33+         DC    V(FMT602)
 000030 58FF0000                000000     34+         L     15,0(15)
 000034 05EF                               35+         BALR  14,15
 000036 07FE                               36          BR    R14
 000038 0000000C                           37 WGLOBAL  DC    PL4'0'
 00003C 00000000                           38 
 000040                                    38          LTORG
 000040 C2C2C2C2                           38                =C'BBBB' 
 000044 C1C1C1C1                           38                =C'AAAA' 
 000048                                    39          END
 Page    3                                                                                                      
  Micro Focus Assembler version  V3.0.18  07/21/04 Listing as of 06/16/05 09.50
 SEG   ADDRESS  LENGTH SIGN  RLD
 0001  000010   04     +    0002
 0001  00002C   04     +    0003
 Page    4                                                                                                      
  Micro Focus Assembler version  V3.0.18  07/21/04 Listing as of 06/16/05 09.50
 SYMBOL       VALUE LENGTH TYPE  EID   DEF  XREF
 FMT001A7  00000000 000048  CST 0001     1(1/1)
 FMT501    00000000 000001  ENT 0001    10(1/10) 7(1/7)
 FMT502    0000001C 000001  ENT 0001    24(1/18) 8(1/8)
 FMT601    00000000 000001  EXT 0002       19(2/159)
 FMT602    00000000 000001  EXT 0003       33(2/159)
 R1        00000001 000001  ABS 0000     3(1/3) 13(1/13) 27(1/21)
 R14       0000000E 000001  ABS 0000     6(1/6) 22(1/16) 36(1/24)
 R3        00000003 000001  ABS 0000     4(1/4) 11(1/11) 12(1/12) 25(1/19) 26(1/20)
 R4        00000004 000001  ABS 0000     5(1/5) 13(1/13) 14(1/14) 27(1/21) 28(1/22)
 WGLOBAL   00000038 000004  REL 0001    37(1/25)
 Page    5                                                                                                      
  Micro Focus Assembler version  V3.0.18  07/21/04 Listing as of 06/16/05 09.50
 LITERAL      VALUE LENGTH TYPE  EID   DEF  XREF
 =C'AAAA'  00000044 000004  REL 0001    38(1/26) 14(1/14)
 =C'BBBB'  00000040 000004  REL 0001    38(1/26) 28(1/22)
 
MM370ASM      0 errors found - end of processing
